<?xml version="1.0" encoding="UTF-8"?>
<!-- Generated by org.testng.reporters.JUnitXMLReporter -->
<testsuite hostname="DESKTOP-R8U126V" name="Event" tests="6" failures="0" timestamp="10 Feb 2020 13:26:24 GMT" time="5.73" errors="0">
  <testcase name="createEventVerify" time="0.863" classname="com.Tests.Event"/>
  <testcase name="createEventDuplicateDataVerify" time="0.84" classname="com.Tests.Event"/>
  <testcase name="createEventBlankDataVerify" time="0.804" classname="com.Tests.Event"/>
  <testcase name="updateEventVerify" time="0.867" classname="com.Tests.Event"/>
  <testcase name="getEventByIdVerify" time="0.879" classname="com.Tests.Event"/>
  <testcase name="getAllEventsVerify" time="1.127" classname="com.Tests.Event"/>
</testsuite> <!-- Event -->
