<?xml version="1.0" encoding="UTF-8"?>
<!-- Generated by org.testng.reporters.JUnitXMLReporter -->
<testsuite hostname="DESKTOP-R8U126V" ignored="2" name="Account" tests="1" failures="0" timestamp="14 Oct 2019 08:58:13 GMT" time="25.948" errors="0">
  <testcase name="forgotpasswordVerify" time="25.598" classname="com.Tests.Account"/>
  <testcase name="loginVerify" time="0.0" classname="com.Tests.Account">
    <ignored/>
  </testcase> <!-- loginVerify -->
  <testcase name="resetpasswordVerifiy" time="0.0" classname="com.Tests.Account">
    <ignored/>
  </testcase> <!-- resetpasswordVerifiy -->
</testsuite> <!-- Account -->
