<?xml version="1.0" encoding="UTF-8"?>
<!-- Generated by org.testng.reporters.JUnitXMLReporter -->
<testsuite hostname="DESKTOP-R8U126V" ignored="0" name="Alert" tests="4" failures="0" timestamp="09 Jan 2020 13:04:32 GMT" time="7.477" errors="0">
  <testcase name="getaAllAlertSettingsTrueVerify" time="3.958" classname="com.Tests.Alert"/>
  <testcase name="getAllAlertSettingsFalseVerify" time="0.754" classname="com.Tests.Alert"/>
  <testcase name="getAlertTypeAsPerAlertCategoryVerify" time="0.758" classname="com.Tests.Alert"/>
  <testcase name="getAllAlertTypeVerify" time="0.87" classname="com.Tests.Alert"/>
</testsuite> <!-- Alert -->
