<?xml version="1.0" encoding="UTF-8"?>
<!-- Generated by org.testng.reporters.JUnitXMLReporter -->
<testsuite hostname="DESKTOP-R8U126V" ignored="0" name="ConsumptionCategory" tests="10" failures="0" timestamp="09 Jan 2020 13:19:33 GMT" time="22.886" errors="0">
  <testcase name="createConsumptionCategoryVerify" time="7.304" classname="com.Tests.ConsumptionCategory"/>
  <testcase name="updateConsumptionCategoryVerify" time="2.75" classname="com.Tests.ConsumptionCategory"/>
  <testcase name="getAllConsumptionCategoryTrueVerify" time="1.009" classname="com.Tests.ConsumptionCategory"/>
  <testcase name="getAllConsumptionCategoryFalseVerify" time="0.872" classname="com.Tests.ConsumptionCategory"/>
  <testcase name="getConsumptionCategoryVerify" time="2.617" classname="com.Tests.ConsumptionCategory"/>
  <testcase name="getParentConsumptionCategoryVerify" time="2.336" classname="com.Tests.ConsumptionCategory"/>
  <testcase name="updateConsumptionCategoryStatusFalseVerify" time="0.879" classname="com.Tests.ConsumptionCategory"/>
  <testcase name="updateConsumptionCategoryStatusTrueVerify" time="0.862" classname="com.Tests.ConsumptionCategory"/>
  <testcase name="getAllEngineCategoryTrueVerify" time="0.962" classname="com.Tests.ConsumptionCategory"/>
  <testcase name="getAllEngineCategoryFalseVerify" time="0.775" classname="com.Tests.ConsumptionCategory"/>
</testsuite> <!-- ConsumptionCategory -->
