<?xml version="1.0" encoding="UTF-8"?>
<!-- Generated by org.testng.reporters.JUnitXMLReporter -->
<testsuite hostname="DESKTOP-R8U126V" ignored="0" name="CustomVessel" tests="6" failures="0" timestamp="09 Jan 2020 13:20:38 GMT" time="16.924" errors="0">
  <testcase name="createCustomVesselFieldVerify" time="7.298" classname="com.Tests.CustomVessel"/>
  <testcase name="updateCustomVesselFieldVerify" time="2.988" classname="com.Tests.CustomVessel"/>
  <testcase name="getAllCustomVesselFieldsTrueVerify" time="0.938" classname="com.Tests.CustomVessel"/>
  <testcase name="getAllCustomVesselFieldsFalseVerify" time="0.889" classname="com.Tests.CustomVessel"/>
  <testcase name="getCustomVesselFieldVerify" time="2.565" classname="com.Tests.CustomVessel"/>
  <testcase name="updateCustomVesselFieldStatusFalseVerify" time="0.762" classname="com.Tests.CustomVessel"/>
</testsuite> <!-- CustomVessel -->
