<?xml version="1.0" encoding="UTF-8"?>
<!-- Generated by org.testng.reporters.JUnitXMLReporter -->
<testsuite hostname="DESKTOP-R8U126V" ignored="0" name="Event" tests="6" failures="0" timestamp="10 Feb 2020 14:18:52 GMT" time="6.296" errors="0">
  <testcase name="createEventVerify" time="0.912" classname="com.Tests.Event"/>
  <testcase name="createEventDuplicateDataVerify" time="0.908" classname="com.Tests.Event"/>
  <testcase name="createEventBlankDataVerify" time="1.221" classname="com.Tests.Event"/>
  <testcase name="updateEventVerify" time="0.872" classname="com.Tests.Event"/>
  <testcase name="getEventByIdVerify" time="0.866" classname="com.Tests.Event"/>
  <testcase name="getAllEventsVerify" time="1.085" classname="com.Tests.Event"/>
</testsuite> <!-- Event -->
