<?xml version="1.0" encoding="UTF-8"?>
<!-- Generated by org.testng.reporters.JUnitXMLReporter -->
<testsuite hostname="DESKTOP-R8U126V" ignored="0" name="FuelKpis" tests="9" failures="0" timestamp="09 Jan 2020 13:09:20 GMT" time="18.801" errors="0">
  <testcase name="createFuelKpiVerifiy" time="7.461" classname="com.Tests.FuelKpis"/>
  <testcase name="updateFuelKpiVerify" time="3.102" classname="com.Tests.FuelKpis"/>
  <testcase name="getAllFuelKpisTrueVerify" time="0.927" classname="com.Tests.FuelKpis"/>
  <testcase name="getAllFuelKpisFalseVerify" time="0.852" classname="com.Tests.FuelKpis"/>
  <testcase name="getFuelKpiVerify" time="0.883" classname="com.Tests.FuelKpis"/>
  <testcase name="updateFuelKpiStatusFalseVerify" time="1.002" classname="com.Tests.FuelKpis"/>
  <testcase name="getAllMachineryVerify" time="0.742" classname="com.Tests.FuelKpis"/>
  <testcase name="getAllRulesVerify" time="0.772" classname="com.Tests.FuelKpis"/>
  <testcase name="updateFuelKpiStatusTrueVerify" time="0.752" classname="com.Tests.FuelKpis"/>
</testsuite> <!-- FuelKpis -->
