<?xml version="1.0" encoding="UTF-8"?>
<!-- Generated by org.testng.reporters.JUnitXMLReporter -->
<testsuite hostname="DESKTOP-R8U126V" ignored="6" name="FuelCategory" tests="1" failures="0" timestamp="09 Jan 2020 13:31:02 GMT" time="4.337" errors="0">
  <testcase name="createfuelcategoryDuplicateDataVerify" time="3.922" classname="com.Tests.FuelCategory"/>
  <testcase name="updateFuelCategoryStatusFalseVerify" time="0.0" classname="com.Tests.FuelCategory">
    <ignored/>
  </testcase> <!-- updateFuelCategoryStatusFalseVerify -->
  <testcase name="updateFuelCategoryStatusTrueVerify" time="0.0" classname="com.Tests.FuelCategory">
    <ignored/>
  </testcase> <!-- updateFuelCategoryStatusTrueVerify -->
  <testcase name="getallfuelcategoryVerify" time="0.0" classname="com.Tests.FuelCategory">
    <ignored/>
  </testcase> <!-- getallfuelcategoryVerify -->
  <testcase name="createfuelcategoryVerify" time="0.0" classname="com.Tests.FuelCategory">
    <ignored/>
  </testcase> <!-- createfuelcategoryVerify -->
  <testcase name="updatefuelcategoryVerify" time="0.0" classname="com.Tests.FuelCategory">
    <ignored/>
  </testcase> <!-- updatefuelcategoryVerify -->
  <testcase name="getfuelcategoryVerify" time="0.0" classname="com.Tests.FuelCategory">
    <ignored/>
  </testcase> <!-- getfuelcategoryVerify -->
</testsuite> <!-- FuelCategory -->
