<?xml version="1.0" encoding="UTF-8"?>
<!-- Generated by org.testng.reporters.JUnitXMLReporter -->
<testsuite hostname="DESKTOP-R8U126V" ignored="0" name="Fuel" tests="8" failures="0" timestamp="10 Jan 2020 11:51:51 GMT" time="28.629" errors="0">
  <testcase name="getallfuelFalseVerify" time="8.303" classname="com.Tests.Fuel"/>
  <testcase name="createfuelVerify" time="4.292" classname="com.Tests.Fuel"/>
  <testcase name="createfuelDuplicateDataVerify" time="0.987" classname="com.Tests.Fuel"/>
  <testcase name="updatefuelVerify" time="3.049" classname="com.Tests.Fuel"/>
  <testcase name="getallfuelTrueVerify" time="5.458" classname="com.Tests.Fuel"/>
  <testcase name="getfuelVerify" time="2.897" classname="com.Tests.Fuel"/>
  <testcase name="updateFuelStatusTrueVerify" time="0.948" classname="com.Tests.Fuel"/>
  <testcase name="updateFuelStatusFalseVerify" time="1.111" classname="com.Tests.Fuel"/>
</testsuite> <!-- Fuel -->
