<?xml version="1.0" encoding="UTF-8"?>
<!-- Generated by org.testng.reporters.JUnitXMLReporter -->
<testsuite hostname="DESKTOP-R8U126V" ignored="0" name="NOXPMFactor" tests="10" failures="0" timestamp="09 Jan 2020 13:06:27 GMT" time="15.505" errors="0">
  <testcase name="getAllConsumptionCategoryFalseVerify" time="4.808" classname="com.Tests.NOXPMFactor"/>
  <testcase name="getAllFuelCategoryFalseVerify" time="0.907" classname="com.Tests.NOXPMFactor"/>
  <testcase name="createNoxPmFactorVerify" time="1.209" classname="com.Tests.NOXPMFactor"/>
  <testcase name="createNoxPmFactorDuplicateDataVerify" time="0.887" classname="com.Tests.NOXPMFactor"/>
  <testcase name="updateNoxPmFactorVerify" time="0.812" classname="com.Tests.NOXPMFactor"/>
  <testcase name="getAllNoxPmFactorTrueVerify" time="1.058" classname="com.Tests.NOXPMFactor"/>
  <testcase name="getAllNoxPmFactorFalseVerify" time="1.016" classname="com.Tests.NOXPMFactor"/>
  <testcase name="getNoxPmFactorVerify" time="0.827" classname="com.Tests.NOXPMFactor"/>
  <testcase name="updateNoxPmFactorStatusFalseVerify" time="0.773" classname="com.Tests.NOXPMFactor"/>
  <testcase name="updateNoxPmFactorStatusTrueVerify" time="0.744" classname="com.Tests.NOXPMFactor"/>
</testsuite> <!-- NOXPMFactor -->
