<?xml version="1.0" encoding="UTF-8"?>
<!-- Generated by org.testng.reporters.JUnitXMLReporter -->
<testsuite hostname="DESKTOP-R8U126V" ignored="0" name="PassageWarning" tests="4" failures="0" timestamp="10 Feb 2020 14:18:29 GMT" time="4.597" errors="0">
  <testcase name="createPassageWarningAuditVerify" time="1.419" classname="com.Tests.PassageWarning"/>
  <testcase name="createPassageWarningAuditBlankDataVerify" time="1.091" classname="com.Tests.PassageWarning"/>
  <testcase name="getPassageWarningAuditVerify" time="0.855" classname="com.Tests.PassageWarning"/>
  <testcase name="getPassageWarningVerify" time="0.895" classname="com.Tests.PassageWarning"/>
</testsuite> <!-- PassageWarning -->
