<?xml version="1.0" encoding="UTF-8"?>
<!-- Generated by org.testng.reporters.JUnitXMLReporter -->
<testsuite hostname="DESKTOP-R8U126V" ignored="0" name="PositionWarning" tests="4" failures="0" timestamp="10 Feb 2020 14:18:24 GMT" time="4.506" errors="0">
  <testcase name="createPositionWarningAuditVerify" time="1.52" classname="com.Tests.PositionWarning"/>
  <testcase name="createPositionWarningAuditBlankDataVerify" time="0.911" classname="com.Tests.PositionWarning"/>
  <testcase name="getPositionWarningAuditVerify" time="0.86" classname="com.Tests.PositionWarning"/>
  <testcase name="getViewOriginalEmailVerify" time="0.89" classname="com.Tests.PositionWarning"/>
</testsuite> <!-- PositionWarning -->
