<?xml version="1.0" encoding="UTF-8"?>
<!-- Generated by org.testng.reporters.JUnitXMLReporter -->
<testsuite hostname="DESKTOP-R8U126V" ignored="0" name="PositionKpis" tests="7" failures="0" timestamp="09 Jan 2020 13:11:44 GMT" time="17.618" errors="0">
  <testcase name="createPositionKpiVerify" time="7.0" classname="com.Tests.PositionKpis"/>
  <testcase name="updatePositionkpiVerify" time="2.616" classname="com.Tests.PositionKpis"/>
  <testcase name="getAllPositionKpisTrueVerify" time="1.068" classname="com.Tests.PositionKpis"/>
  <testcase name="getAllPositionKpisFalseVerify" time="0.896" classname="com.Tests.PositionKpis"/>
  <testcase name="getPositionKpiVerify" time="2.634" classname="com.Tests.PositionKpis"/>
  <testcase name="updatePositionKpiStatusFalseVerify" time="0.877" classname="com.Tests.PositionKpis"/>
  <testcase name="updatePositionKpiStatusTrueVerify" time="0.759" classname="com.Tests.PositionKpis"/>
</testsuite> <!-- PositionKpis -->
