<?xml version="1.0" encoding="UTF-8"?>
<!-- Generated by org.testng.reporters.JUnitXMLReporter -->
<testsuite hostname="DESKTOP-R8U126V" ignored="0" name="Term" tests="39" failures="0" timestamp="09 Jan 2020 12:21:07 GMT" time="54.567" errors="0">
  <testcase name="getalltermsVerify" time="3.565" classname="com.Tests.Term"/>
  <testcase name="getallspeedVerify" time="0.893" classname="com.Tests.Term"/>
  <testcase name="getallfuelunitsVerify" time="1.08" classname="com.Tests.Term"/>
  <testcase name="getalldraftlimitVerify" time="0.871" classname="com.Tests.Term"/>
  <testcase name="getallevaluationtypeVerify" time="0.956" classname="com.Tests.Term"/>
  <testcase name="getallweathersourceVerify" time="0.903" classname="com.Tests.Term"/>
  <testcase name="getallcurrentfactorVerify" time="0.937" classname="com.Tests.Term"/>
  <testcase name="getallwindspeedunitsVerify" time="0.798" classname="com.Tests.Term"/>
  <testcase name="getallwaveheightunitsVerify" time="0.758" classname="com.Tests.Term"/>
  <testcase name="getallpassagehoursVerify" time="0.851" classname="com.Tests.Term"/>
  <testcase name="getallbaddayhoursVerify" time="0.749" classname="com.Tests.Term"/>
  <testcase name="getallvesseltypeVerify" time="0.868" classname="com.Tests.Term"/>
  <testcase name="getallfuelconsumedVerify" time="0.866" classname="com.Tests.Term"/>
  <testcase name="getallspeedconsideredVerify" time="0.883" classname="com.Tests.Term"/>
  <testcase name="getallloadconditionVerify" time="0.878" classname="com.Tests.Term"/>
  <testcase name="getAllDraftHeightUnitsVerify" time="0.821" classname="com.Tests.Term"/>
  <testcase name="createPassageTermVerify" time="1.95" classname="com.Tests.Term"/>
  <testcase name="createPassageTermDuplicateValueVerify" time="0.979" classname="com.Tests.Term"/>
  <testcase name="updatePassageTermVerify" time="0.938" classname="com.Tests.Term"/>
  <testcase name="updatePassageTermDuplicateValueVerify" time="0.812" classname="com.Tests.Term"/>
  <testcase name="getAllPassageTermsTrueVerify" time="1.548" classname="com.Tests.Term"/>
  <testcase name="getAllPassageTermsFalseVerify" time="1.1" classname="com.Tests.Term"/>
  <testcase name="getPassageTermByIdVerify" time="3.123" classname="com.Tests.Term"/>
  <testcase name="updatePassageTermStatusFalseVerify" time="0.949" classname="com.Tests.Term"/>
  <testcase name="updatePassageTermStatusTrueVerify" time="0.815" classname="com.Tests.Term"/>
  <testcase name="copyPassageTermVerify" time="0.934" classname="com.Tests.Term"/>
  <testcase name="createPoolTermVerify" time="0.923" classname="com.Tests.Term"/>
  <testcase name="createPoolTermDuplicateValueVerify" time="1.356" classname="com.Tests.Term"/>
  <testcase name="updatePoolTermVerify" time="0.8" classname="com.Tests.Term"/>
  <testcase name="updatePoolTermDuplicateValueVerify" time="0.771" classname="com.Tests.Term"/>
  <testcase name="getAllPoolTermsTrueVerify" time="1.89" classname="com.Tests.Term"/>
  <testcase name="getAllPoolTermsFalseVerify" time="1.035" classname="com.Tests.Term"/>
  <testcase name="getPoolTermByIdVerify" time="2.663" classname="com.Tests.Term"/>
  <testcase name="updatePoolTermStatusFalseVerify" time="0.813" classname="com.Tests.Term"/>
  <testcase name="updatePoolTermStatusTrueVerify" time="0.855" classname="com.Tests.Term"/>
  <testcase name="copyPoolTermVerify" time="0.996" classname="com.Tests.Term"/>
  <testcase name="copyPoolTermDuplicateValueVerify" time="0.777" classname="com.Tests.Term"/>
  <testcase name="getAllVesselDetailByTypeVerify" time="0.888" classname="com.Tests.Term"/>
  <testcase name="getTermAssignToVerify" time="1.111" classname="com.Tests.Term"/>
</testsuite> <!-- Term -->
