<?xml version="1.0" encoding="UTF-8"?>
<!-- Generated by org.testng.reporters.JUnitXMLReporter -->
<testsuite hostname="DESKTOP-R8U126V" ignored="0" name="UnitOfMeasure" tests="5" failures="0" timestamp="09 Jan 2020 13:07:15 GMT" time="10.866" errors="0">
  <testcase name="getAllUnitOfMeasureTrueVerify" time="4.715" classname="com.Tests.UnitOfMeasure"/>
  <testcase name="getAllUnitOfMeasureFalseVerify" time="2.255" classname="com.Tests.UnitOfMeasure"/>
  <testcase name="getUnitOfMeasureBytTypeVerify" time="0.775" classname="com.Tests.UnitOfMeasure"/>
  <testcase name="getAllUnitOfMeasureTypeVerify" time="0.758" classname="com.Tests.UnitOfMeasure"/>
  <testcase name="getAllUnitOfMeasureTypeLoadDataVerify" time="1.098" classname="com.Tests.UnitOfMeasure"/>
</testsuite> <!-- UnitOfMeasure -->
