<?xml version="1.0" encoding="UTF-8"?>
<!-- Generated by org.testng.reporters.JUnitXMLReporter -->
<testsuite hostname="DESKTOP-R8U126V" ignored="0" name="Unitofmeasurethresold" tests="2" failures="0" timestamp="09 Jan 2020 12:58:37 GMT" time="11.159" errors="0">
  <testcase name="getunitofmeasurethresholdVerify" time="9.672" classname="com.Tests.Unitofmeasurethresold"/>
  <testcase name="updateunitofmeasurethresholdVerify" time="0.843" classname="com.Tests.Unitofmeasurethresold"/>
</testsuite> <!-- Unitofmeasurethresold -->
