<?xml version="1.0" encoding="UTF-8"?>
<!-- Generated by org.testng.reporters.JUnitXMLReporter -->
<testsuite hostname="DESKTOP-R8U126V" ignored="0" name="VesselGroup" tests="7" failures="0" timestamp="09 Jan 2020 12:51:23 GMT" time="12.651" errors="0">
  <testcase name="createvesselgroupVerify" time="4.773" classname="com.Tests.VesselGroup"/>
  <testcase name="updatevesselgroupVerify" time="1.445" classname="com.Tests.VesselGroup"/>
  <testcase name="getvessellistVerify" time="0.907" classname="com.Tests.VesselGroup"/>
  <testcase name="updateVesselgroupVerifyStatus" time="1.037" classname="com.Tests.VesselGroup"/>
  <testcase name="getallvesselgroupVerifytrue" time="0.924" classname="com.Tests.VesselGroup"/>
  <testcase name="getallvesselgroupVerifyfalse" time="0.929" classname="com.Tests.VesselGroup"/>
  <testcase name="getvesselgroupbyidVerify" time="0.791" classname="com.Tests.VesselGroup"/>
</testsuite> <!-- VesselGroup -->
