<?xml version="1.0" encoding="UTF-8"?>
<!-- Generated by org.testng.reporters.JUnitXMLReporter -->
<testsuite hostname="DESKTOP-R8U126V" ignored="0" name="VesselOwner" tests="9" failures="0" timestamp="09 Jan 2020 13:05:31 GMT" time="19.737" errors="0">
  <testcase name="createVesselOwnerVerify" time="5.975" classname="com.Tests.VesselOwner"/>
  <testcase name="createVesselOwnerDuplicateDataVerify" time="0.768" classname="com.Tests.VesselOwner"/>
  <testcase name="updateVesselOwnerVerify" time="2.595" classname="com.Tests.VesselOwner"/>
  <testcase name="updateVesselOwnerDuplicateDataVerify" time="0.773" classname="com.Tests.VesselOwner"/>
  <testcase name="getVesselOwnersFalseVerify" time="1.977" classname="com.Tests.VesselOwner"/>
  <testcase name="getVesselOwnersTrueVerify" time="1.937" classname="com.Tests.VesselOwner"/>
  <testcase name="getVesseOwnerbyIdVerify" time="1.836" classname="com.Tests.VesselOwner"/>
  <testcase name="updateVesselOwnerStatusFalseVerify" time="0.747" classname="com.Tests.VesselOwner"/>
  <testcase name="updateVesselOwnerStatusTrueVerify" time="1.006" classname="com.Tests.VesselOwner"/>
</testsuite> <!-- VesselOwner -->
