<?xml version="1.0" encoding="UTF-8"?>
<!-- Generated by org.testng.reporters.JUnitXMLReporter -->
<testsuite hostname="DESKTOP-R8U126V" ignored="2" name="Vessel" tests="10" failures="0" timestamp="09 Jan 2020 12:50:34 GMT" time="15.465" errors="0">
  <testcase name="CreatevesselVerify" time="5.062" classname="com.Tests.Vessel"/>
  <testcase name="CreatevesselVerifyEmptyName" time="1.06" classname="com.Tests.Vessel"/>
  <testcase name="updatevesselVerify" time="0.795" classname="com.Tests.Vessel"/>
  <testcase name="getallvesselVerifytrue" time="1.131" classname="com.Tests.Vessel"/>
  <testcase name="getallvesselVerifyfalse" time="0.989" classname="com.Tests.Vessel"/>
  <testcase name="getVesselClassListVerify" time="0.744" classname="com.Tests.Vessel"/>
  <testcase name="getvesselVerify" time="0.748" classname="com.Tests.Vessel"/>
  <testcase name="getvesselpooltypeVerify" time="0.756" classname="com.Tests.Vessel"/>
  <testcase name="getTcTermVerify" time="0.736" classname="com.Tests.Vessel"/>
  <testcase name="getPoolTermVerify" time="1.008" classname="com.Tests.Vessel"/>
  <testcase name="updateVesselStatusFalseVerify" time="0.0" classname="com.Tests.Vessel">
    <ignored/>
  </testcase> <!-- updateVesselStatusFalseVerify -->
  <testcase name="updateVesselStatusTrueVerify" time="0.0" classname="com.Tests.Vessel">
    <ignored/>
  </testcase> <!-- updateVesselStatusTrueVerify -->
</testsuite> <!-- Vessel -->
