<?xml version="1.0" encoding="UTF-8"?>
<!-- Generated by org.testng.reporters.JUnitXMLReporter -->
<testsuite hostname="DESKTOP-R8U126V" ignored="0" name="VesselClass" tests="7" failures="0" timestamp="09 Jan 2020 13:10:29 GMT" time="16.83" errors="0">
  <testcase name="createVesselClassVerify" time="6.257" classname="com.Tests.VesselClass"/>
  <testcase name="updateVesselClassVerify" time="2.01" classname="com.Tests.VesselClass"/>
  <testcase name="getAllVesselClassTrueVerify" time="1.179" classname="com.Tests.VesselClass"/>
  <testcase name="getAllVesselClassFalseVerify" time="1.102" classname="com.Tests.VesselClass"/>
  <testcase name="getVesselClassVerify" time="1.919" classname="com.Tests.VesselClass"/>
  <testcase name="updatevesselclassStatusFalseVerify" time="1.494" classname="com.Tests.VesselClass"/>
  <testcase name="updatevesselclassStatusTrueVerify" time="0.749" classname="com.Tests.VesselClass"/>
</testsuite> <!-- VesselClass -->
