<?xml version="1.0" encoding="UTF-8"?>
<!-- Generated by org.testng.reporters.JUnitXMLReporter -->
<testsuite hostname="DESKTOP-R8U126V" ignored="0" name="VesselPoolType" tests="8" failures="0" timestamp="09 Jan 2020 12:59:32 GMT" time="17.575" errors="0">
  <testcase name="createVesselPoolTypeVerify" time="6.099" classname="com.Tests.VesselPoolType"/>
  <testcase name="createVesselPoolTypeDuplicateDataVerify" time="0.755" classname="com.Tests.VesselPoolType"/>
  <testcase name="updateVesselPoolTypeVerify" time="2.125" classname="com.Tests.VesselPoolType"/>
  <testcase name="getVesselPoolTypesTrueVerify" time="1.822" classname="com.Tests.VesselPoolType"/>
  <testcase name="getVesselPoolTypesFalseVerify" time="1.708" classname="com.Tests.VesselPoolType"/>
  <testcase name="getVesselPoolTypeByIdVerify" time="1.835" classname="com.Tests.VesselPoolType"/>
  <testcase name="updateVesselPoolTypeStatusFalseVerfiy" time="0.736" classname="com.Tests.VesselPoolType"/>
  <testcase name="updateVesselPoolTypeStatusTrueVerfiy" time="0.742" classname="com.Tests.VesselPoolType"/>
</testsuite> <!-- VesselPoolType -->
