<?xml version="1.0" encoding="UTF-8"?>
<!-- Generated by org.testng.reporters.JUnitXMLReporter -->
<testsuite hostname="DESKTOP-R8U126V" ignored="0" name="Voyages" tests="17" failures="0" timestamp="10 Feb 2020 14:18:19 GMT" time="26.385" errors="0">
  <testcase name="createVoyageVerify" time="6.161" classname="com.Tests.Voyages"/>
  <testcase name="createVoyageBlankDataVerify" time="0.965" classname="com.Tests.Voyages"/>
  <testcase name="updateVoyageVerify" time="0.914" classname="com.Tests.Voyages"/>
  <testcase name="getVoyageByIdVerify" time="3.12" classname="com.Tests.Voyages"/>
  <testcase name="updateVoyagesStatusFalseVerify" time="0.914" classname="com.Tests.Voyages"/>
  <testcase name="updateVoyagesStatusTrueVerify" time="0.876" classname="com.Tests.Voyages"/>
  <testcase name="isInitialApprovedVerify" time="0.892" classname="com.Tests.Voyages"/>
  <testcase name="finalApproveVerify" time="0.896" classname="com.Tests.Voyages"/>
  <testcase name="getAllVoyagesByVesselVerify" time="1.516" classname="com.Tests.Voyages"/>
  <testcase name="getReportsForPassagesVerify" time="0.9" classname="com.Tests.Voyages"/>
  <testcase name="approvalAuditListVerify" time="0.892" classname="com.Tests.Voyages"/>
  <testcase name="createPositionVerify" time="1.097" classname="com.Tests.Voyages"/>
  <testcase name="createPositionBlankDataVerify" time="1.095" classname="com.Tests.Voyages"/>
  <testcase name="UpdatePositionVerify" time="0.904" classname="com.Tests.Voyages"/>
  <testcase name="UpdatePositionStatusFalseVerify" time="0.896" classname="com.Tests.Voyages"/>
  <testcase name="UpdatePositionStatusTrueVerify" time="1.119" classname="com.Tests.Voyages"/>
  <testcase name="copyPositionVerify" time="1.023" classname="com.Tests.Voyages"/>
</testsuite> <!-- Voyages -->
