<?xml version="1.0" encoding="UTF-8"?>
<testsuite xmlns:xsi="http://www.w3.org/2001/XMLSchema-instance" xsi:noNamespaceSchemaLocation="https://maven.apache.org/surefire/maven-surefire-plugin/xsd/surefire-test-report-3.0.xsd" version="3.0" name="TestSuite" time="54.208" tests="46" errors="0" skipped="0" failures="19">
  <properties>
[...]
</properties>
  <testcase name="createVoyageVerify" classname="com.Tests.Voyages" time="6.765"/>
  <testcase name="createVoyageBlankDataVerify" classname="com.Tests.Voyages" time="0.955"/>
  <testcase name="updateVoyageVerify" classname="com.Tests.Voyages" time="1.478">
    <failure message="expected [200] but found [400]" type="java.lang.AssertionError">java.lang.AssertionError: expected [200] but found [400]
	at com.Tests.Voyages.updateVoyageVerify(Voyages.java:74)
</failure>
    <system-out><![CDATA[Class : Voyages --------- Method : updateVoyageVerify
Class : Voyages --------- Method : updateVoyageVerify
updateVoyageVerify
Response 
]]></system-out>
  </testcase>
  <testcase name="getVoyageByIdVerify" classname="com.Tests.Voyages" time="0.866">
    <failure message="expected [200] but found [409]" type="java.lang.AssertionError">java.lang.AssertionError: expected [200] but found [409]
	at com.Tests.Voyages.getVoyageByIdVerify(Voyages.java:84)
</failure>
    <system-out><![CDATA[Class : Voyages --------- Method : getVoyageByIdVerify
Class : Voyages --------- Method : getVoyageByIdVerify
getVoyageByIdVerify
Response 
]]></system-out>
  </testcase>
  <testcase name="updateVoyagesStatusFalseVerify" classname="com.Tests.Voyages" time="0.843">
    <failure message="expected [200] but found [400]" type="java.lang.AssertionError">java.lang.AssertionError: expected [200] but found [400]
	at com.Tests.Voyages.updateVoyagesStatusFalseVerify(Voyages.java:97)
</failure>
    <system-out><![CDATA[Class : Voyages --------- Method : updateVoyagesStatusFalseVerify
Class : Voyages --------- Method : updateVoyagesStatusFalseVerify
updateVoyagesStatusFalseVerify
Response 
]]></system-out>
  </testcase>
  <testcase name="updateVoyagesStatusTrueVerify" classname="com.Tests.Voyages" time="0.84">
    <failure message="expected [200] but found [400]" type="java.lang.AssertionError">java.lang.AssertionError: expected [200] but found [400]
	at com.Tests.Voyages.updateVoyagesStatusTrueVerify(Voyages.java:106)
</failure>
    <system-out><![CDATA[Class : Voyages --------- Method : updateVoyagesStatusTrueVerify
Class : Voyages --------- Method : updateVoyagesStatusTrueVerify
updateVoyagesStatusTrueVerify
Response 
]]></system-out>
  </testcase>
  <testcase name="isInitialApprovedVerify" classname="com.Tests.Voyages" time="0.86">
    <failure message="expected [200] but found [400]" type="java.lang.AssertionError">java.lang.AssertionError: expected [200] but found [400]
	at com.Tests.Voyages.isInitialApprovedVerify(Voyages.java:116)
</failure>
    <system-out><![CDATA[Class : Voyages --------- Method : isInitialApprovedVerify
Class : Voyages --------- Method : isInitialApprovedVerify
isInitialApprovedVerify
Response 
]]></system-out>
  </testcase>
  <testcase name="finalApproveVerify" classname="com.Tests.Voyages" time="0.823">
    <failure message="expected [200] but found [400]" type="java.lang.AssertionError">java.lang.AssertionError: expected [200] but found [400]
	at com.Tests.Voyages.finalApproveVerify(Voyages.java:125)
</failure>
    <system-out><![CDATA[Class : Voyages --------- Method : finalApproveVerify
Class : Voyages --------- Method : finalApproveVerify
finalApproveVerify
Response 
]]></system-out>
  </testcase>
  <testcase name="getAllVoyagesByVesselVerify" classname="com.Tests.Voyages" time="0.867"/>
  <testcase name="getReportsForPassagesVerify" classname="com.Tests.Voyages" time="0.864"/>
  <testcase name="approvalAuditListVerify" classname="com.Tests.Voyages" time="0.843"/>
  <testcase name="createPositionVerify" classname="com.Tests.Voyages" time="1.485"/>
  <testcase name="createPositionBlankDataVerify" classname="com.Tests.Voyages" time="0.809"/>
  <testcase name="UpdatePositionVerify" classname="com.Tests.Voyages" time="0.94"/>
  <testcase name="UpdatePositionStatusFalseVerify" classname="com.Tests.Voyages" time="0.999"/>
  <testcase name="UpdatePositionStatusTrueVerify" classname="com.Tests.Voyages" time="0.87"/>
  <testcase name="copyPositionVerify" classname="com.Tests.Voyages" time="1.037"/>
  <testcase name="createPositionWarningAuditVerify" classname="com.Tests.PositionWarning" time="0.013">
    <failure message="Target host is null" type="java.lang.IllegalStateException">java.lang.IllegalStateException: Target host is null
	at com.Tests.PositionWarning.createPositionWarningAuditVerify(PositionWarning.java:45)
</failure>
    <system-out><![CDATA[Class : PositionWarning --------- Method : createPositionWarningAuditVerify
createPositionWarningAuditVerify
]]></system-out>
    <system-err><![CDATA[java.lang.NullPointerException
	at com.TestData.Excel_Handling.getExcelDataAll(Excel_Handling.java:510)
	at com.InitialSetup.BaseClass.getTestData(BaseClass.java:102)
	at sun.reflect.GeneratedMethodAccessor73.invoke(Unknown Source)
	at sun.reflect.DelegatingMethodAccessorImpl.invoke(DelegatingMethodAccessorImpl.java:43)
	at java.lang.reflect.Method.invoke(Method.java:498)
	at org.testng.internal.MethodInvocationHelper.invokeMethod(MethodInvocationHelper.java:86)
	at org.testng.internal.Invoker.invokeConfigurationMethod(Invoker.java:514)
	at org.testng.internal.Invoker.invokeConfigurations(Invoker.java:215)
	at org.testng.internal.Invoker.invokeMethod(Invoker.java:589)
	at org.testng.internal.Invoker.invokeTestMethod(Invoker.java:820)
	at org.testng.internal.Invoker.invokeTestMethods(Invoker.java:1128)
	at org.testng.internal.TestMethodWorker.invokeTestMethods(TestMethodWorker.java:129)
	at org.testng.internal.TestMethodWorker.run(TestMethodWorker.java:112)
	at org.testng.TestRunner.privateRun(TestRunner.java:782)
	at org.testng.TestRunner.run(TestRunner.java:632)
	at org.testng.SuiteRunner.runTest(SuiteRunner.java:366)
	at org.testng.SuiteRunner.runSequentially(SuiteRunner.java:361)
	at org.testng.SuiteRunner.privateRun(SuiteRunner.java:319)
	at org.testng.SuiteRunner.run(SuiteRunner.java:268)
	at org.testng.SuiteRunnerWorker.runSuite(SuiteRunnerWorker.java:52)
	at org.testng.SuiteRunnerWorker.run(SuiteRunnerWorker.java:86)
	at org.testng.TestNG.runSuitesSequentially(TestNG.java:1244)
	at org.testng.TestNG.runSuitesLocally(TestNG.java:1169)
	at org.testng.TestNG.run(TestNG.java:1064)
	at org.apache.maven.surefire.testng.TestNGExecutor.run(TestNGExecutor.java:283)
	at org.apache.maven.surefire.testng.TestNGXmlTestSuite.execute(TestNGXmlTestSuite.java:75)
	at org.apache.maven.surefire.testng.TestNGProvider.invoke(TestNGProvider.java:120)
	at org.apache.maven.surefire.booter.ForkedBooter.invokeProviderInSameClassLoader(ForkedBooter.java:384)
	at org.apache.maven.surefire.booter.ForkedBooter.runSuitesInProcess(ForkedBooter.java:345)
	at org.apache.maven.surefire.booter.ForkedBooter.execute(ForkedBooter.java:126)
	at org.apache.maven.surefire.booter.ForkedBooter.main(ForkedBooter.java:418)
]]></system-err>
  </testcase>
  <testcase name="createPositionWarningAuditBlankDataVerify" classname="com.Tests.PositionWarning" time="0.012">
    <failure message="Target host is null" type="java.lang.IllegalStateException">java.lang.IllegalStateException: Target host is null
	at com.Tests.PositionWarning.createPositionWarningAuditBlankDataVerify(PositionWarning.java:57)
</failure>
    <system-out><![CDATA[Class : PositionWarning --------- Method : createPositionWarningAuditBlankDataVerify
createPositionWarningAuditBlankDataVerify
]]></system-out>
    <system-err><![CDATA[java.lang.NullPointerException
	at com.TestData.Excel_Handling.getExcelDataAll(Excel_Handling.java:510)
	at com.InitialSetup.BaseClass.getTestData(BaseClass.java:102)
	at sun.reflect.GeneratedMethodAccessor73.invoke(Unknown Source)
	at sun.reflect.DelegatingMethodAccessorImpl.invoke(DelegatingMethodAccessorImpl.java:43)
	at java.lang.reflect.Method.invoke(Method.java:498)
	at org.testng.internal.MethodInvocationHelper.invokeMethod(MethodInvocationHelper.java:86)
	at org.testng.internal.Invoker.invokeConfigurationMethod(Invoker.java:514)
	at org.testng.internal.Invoker.invokeConfigurations(Invoker.java:215)
	at org.testng.internal.Invoker.invokeMethod(Invoker.java:589)
	at org.testng.internal.Invoker.invokeTestMethod(Invoker.java:820)
	at org.testng.internal.Invoker.invokeTestMethods(Invoker.java:1128)
	at org.testng.internal.TestMethodWorker.invokeTestMethods(TestMethodWorker.java:129)
	at org.testng.internal.TestMethodWorker.run(TestMethodWorker.java:112)
	at org.testng.TestRunner.privateRun(TestRunner.java:782)
	at org.testng.TestRunner.run(TestRunner.java:632)
	at org.testng.SuiteRunner.runTest(SuiteRunner.java:366)
	at org.testng.SuiteRunner.runSequentially(SuiteRunner.java:361)
	at org.testng.SuiteRunner.privateRun(SuiteRunner.java:319)
	at org.testng.SuiteRunner.run(SuiteRunner.java:268)
	at org.testng.SuiteRunnerWorker.runSuite(SuiteRunnerWorker.java:52)
	at org.testng.SuiteRunnerWorker.run(SuiteRunnerWorker.java:86)
	at org.testng.TestNG.runSuitesSequentially(TestNG.java:1244)
	at org.testng.TestNG.runSuitesLocally(TestNG.java:1169)
	at org.testng.TestNG.run(TestNG.java:1064)
	at org.apache.maven.surefire.testng.TestNGExecutor.run(TestNGExecutor.java:283)
	at org.apache.maven.surefire.testng.TestNGXmlTestSuite.execute(TestNGXmlTestSuite.java:75)
	at org.apache.maven.surefire.testng.TestNGProvider.invoke(TestNGProvider.java:120)
	at org.apache.maven.surefire.booter.ForkedBooter.invokeProviderInSameClassLoader(ForkedBooter.java:384)
	at org.apache.maven.surefire.booter.ForkedBooter.runSuitesInProcess(ForkedBooter.java:345)
	at org.apache.maven.surefire.booter.ForkedBooter.execute(ForkedBooter.java:126)
	at org.apache.maven.surefire.booter.ForkedBooter.main(ForkedBooter.java:418)
]]></system-err>
  </testcase>
  <testcase name="getPositionWarningAuditVerify" classname="com.Tests.PositionWarning" time="0.01">
    <failure message="Target host is null" type="java.lang.IllegalStateException">java.lang.IllegalStateException: Target host is null
	at com.Tests.PositionWarning.getPositionWarningAuditVerify(PositionWarning.java:66)
</failure>
    <system-out><![CDATA[Class : PositionWarning --------- Method : getPositionWarningAuditVerify
getPositionWarningAuditVerify
]]></system-out>
    <system-err><![CDATA[java.lang.NullPointerException
	at com.TestData.Excel_Handling.getExcelDataAll(Excel_Handling.java:510)
	at com.InitialSetup.BaseClass.getTestData(BaseClass.java:102)
	at sun.reflect.GeneratedMethodAccessor73.invoke(Unknown Source)
	at sun.reflect.DelegatingMethodAccessorImpl.invoke(DelegatingMethodAccessorImpl.java:43)
	at java.lang.reflect.Method.invoke(Method.java:498)
	at org.testng.internal.MethodInvocationHelper.invokeMethod(MethodInvocationHelper.java:86)
	at org.testng.internal.Invoker.invokeConfigurationMethod(Invoker.java:514)
	at org.testng.internal.Invoker.invokeConfigurations(Invoker.java:215)
	at org.testng.internal.Invoker.invokeMethod(Invoker.java:589)
	at org.testng.internal.Invoker.invokeTestMethod(Invoker.java:820)
	at org.testng.internal.Invoker.invokeTestMethods(Invoker.java:1128)
	at org.testng.internal.TestMethodWorker.invokeTestMethods(TestMethodWorker.java:129)
	at org.testng.internal.TestMethodWorker.run(TestMethodWorker.java:112)
	at org.testng.TestRunner.privateRun(TestRunner.java:782)
	at org.testng.TestRunner.run(TestRunner.java:632)
	at org.testng.SuiteRunner.runTest(SuiteRunner.java:366)
	at org.testng.SuiteRunner.runSequentially(SuiteRunner.java:361)
	at org.testng.SuiteRunner.privateRun(SuiteRunner.java:319)
	at org.testng.SuiteRunner.run(SuiteRunner.java:268)
	at org.testng.SuiteRunnerWorker.runSuite(SuiteRunnerWorker.java:52)
	at org.testng.SuiteRunnerWorker.run(SuiteRunnerWorker.java:86)
	at org.testng.TestNG.runSuitesSequentially(TestNG.java:1244)
	at org.testng.TestNG.runSuitesLocally(TestNG.java:1169)
	at org.testng.TestNG.run(TestNG.java:1064)
	at org.apache.maven.surefire.testng.TestNGExecutor.run(TestNGExecutor.java:283)
	at org.apache.maven.surefire.testng.TestNGXmlTestSuite.execute(TestNGXmlTestSuite.java:75)
	at org.apache.maven.surefire.testng.TestNGProvider.invoke(TestNGProvider.java:120)
	at org.apache.maven.surefire.booter.ForkedBooter.invokeProviderInSameClassLoader(ForkedBooter.java:384)
	at org.apache.maven.surefire.booter.ForkedBooter.runSuitesInProcess(ForkedBooter.java:345)
	at org.apache.maven.surefire.booter.ForkedBooter.execute(ForkedBooter.java:126)
	at org.apache.maven.surefire.booter.ForkedBooter.main(ForkedBooter.java:418)
]]></system-err>
  </testcase>
  <testcase name="getViewOriginalEmailVerify" classname="com.Tests.PositionWarning" time="0.004">
    <failure message="Target host is null" type="java.lang.IllegalStateException">java.lang.IllegalStateException: Target host is null
	at com.Tests.PositionWarning.getViewOriginalEmailVerify(PositionWarning.java:78)
</failure>
    <system-out><![CDATA[Class : PositionWarning --------- Method : getViewOriginalEmailVerify
getViewOriginalEmailVerify
]]></system-out>
    <system-err><![CDATA[java.lang.NullPointerException
	at com.TestData.Excel_Handling.getExcelDataAll(Excel_Handling.java:510)
	at com.InitialSetup.BaseClass.getTestData(BaseClass.java:102)
	at sun.reflect.GeneratedMethodAccessor73.invoke(Unknown Source)
	at sun.reflect.DelegatingMethodAccessorImpl.invoke(DelegatingMethodAccessorImpl.java:43)
	at java.lang.reflect.Method.invoke(Method.java:498)
	at org.testng.internal.MethodInvocationHelper.invokeMethod(MethodInvocationHelper.java:86)
	at org.testng.internal.Invoker.invokeConfigurationMethod(Invoker.java:514)
	at org.testng.internal.Invoker.invokeConfigurations(Invoker.java:215)
	at org.testng.internal.Invoker.invokeMethod(Invoker.java:589)
	at org.testng.internal.Invoker.invokeTestMethod(Invoker.java:820)
	at org.testng.internal.Invoker.invokeTestMethods(Invoker.java:1128)
	at org.testng.internal.TestMethodWorker.invokeTestMethods(TestMethodWorker.java:129)
	at org.testng.internal.TestMethodWorker.run(TestMethodWorker.java:112)
	at org.testng.TestRunner.privateRun(TestRunner.java:782)
	at org.testng.TestRunner.run(TestRunner.java:632)
	at org.testng.SuiteRunner.runTest(SuiteRunner.java:366)
	at org.testng.SuiteRunner.runSequentially(SuiteRunner.java:361)
	at org.testng.SuiteRunner.privateRun(SuiteRunner.java:319)
	at org.testng.SuiteRunner.run(SuiteRunner.java:268)
	at org.testng.SuiteRunnerWorker.runSuite(SuiteRunnerWorker.java:52)
	at org.testng.SuiteRunnerWorker.run(SuiteRunnerWorker.java:86)
	at org.testng.TestNG.runSuitesSequentially(TestNG.java:1244)
	at org.testng.TestNG.runSuitesLocally(TestNG.java:1169)
	at org.testng.TestNG.run(TestNG.java:1064)
	at org.apache.maven.surefire.testng.TestNGExecutor.run(TestNGExecutor.java:283)
	at org.apache.maven.surefire.testng.TestNGXmlTestSuite.execute(TestNGXmlTestSuite.java:75)
	at org.apache.maven.surefire.testng.TestNGProvider.invoke(TestNGProvider.java:120)
	at org.apache.maven.surefire.booter.ForkedBooter.invokeProviderInSameClassLoader(ForkedBooter.java:384)
	at org.apache.maven.surefire.booter.ForkedBooter.runSuitesInProcess(ForkedBooter.java:345)
	at org.apache.maven.surefire.booter.ForkedBooter.execute(ForkedBooter.java:126)
	at org.apache.maven.surefire.booter.ForkedBooter.main(ForkedBooter.java:418)
]]></system-err>
  </testcase>
  <testcase name="createPassageWarningAuditVerify" classname="com.Tests.PassageWarning" time="0.899">
    <failure message="expected [200] but found [400]" type="java.lang.AssertionError">java.lang.AssertionError: expected [200] but found [400]
	at com.Tests.PassageWarning.createPassageWarningAuditVerify(PassageWarning.java:45)
</failure>
    <system-out><![CDATA[Class : PassageWarning --------- Method : createPassageWarningAuditVerify
Class : PassageWarning --------- Method : createPassageWarningAuditVerify
createPassageWarningAuditVerify
Response 
]]></system-out>
  </testcase>
  <testcase name="createPassageWarningAuditBlankDataVerify" classname="com.Tests.PassageWarning" time="0.821"/>
  <testcase name="getPassageWarningAuditVerify" classname="com.Tests.PassageWarning" time="0.842"/>
  <testcase name="getPassageWarningVerify" classname="com.Tests.PassageWarning" time="1.021"/>
  <testcase name="createPositionVerify" classname="com.Tests.FluidConsumption" time="1.028"/>
  <testcase name="createFluidConsumptionDuplicateDataVerify" classname="com.Tests.FluidConsumption" time="0.825">
    <failure message="expected [409] but found [400]" type="java.lang.AssertionError">java.lang.AssertionError: expected [409] but found [400]
	at com.Tests.FluidConsumption.createFluidConsumptionDuplicateDataVerify(FluidConsumption.java:75)
</failure>
    <system-out><![CDATA[Class : FluidConsumption --------- Method : createFluidConsumptionDuplicateDataVerify
Class : FluidConsumption --------- Method : createFluidConsumptionDuplicateDataVerify
createFluidConsumptionDuplicateDataVerify
{"formId":"371","unit":"jtKhKXIqhl","fluidType":"yIDBqFOBLK","consumption":"vaCoZEaXLx","category":"wPsjliodWc","robsSFPM_RobsId":"2"}
Response 
]]></system-out>
  </testcase>
  <testcase name="createFluidConsumptionVerify" classname="com.Tests.FluidConsumption" time="0.82">
    <failure message="expected [200] but found [400]" type="java.lang.AssertionError">java.lang.AssertionError: expected [200] but found [400]
	at com.Tests.FluidConsumption.createFluidConsumptionVerify(FluidConsumption.java:59)
</failure>
    <system-out><![CDATA[Class : FluidConsumption --------- Method : createFluidConsumptionVerify
Class : FluidConsumption --------- Method : createFluidConsumptionVerify
createFluidConsumptionVerify
{"formId":"1383","consumption":"36","unit":"VcCejQSHuE","category":"TuPNLWQHKb","fluidType":"TqPBoslvAy"}
Response 
]]></system-out>
  </testcase>
  <testcase name="createFluidConsumptionBlankDataVerify" classname="com.Tests.FluidConsumption" time="0.83"/>
  <testcase name="getFluidConsumptionByIdVerify" classname="com.Tests.FluidConsumption" time="0.948">
    <failure message="expected [200] but found [400]" type="java.lang.AssertionError">java.lang.AssertionError: expected [200] but found [400]
	at com.Tests.FluidConsumption.getFluidConsumptionByIdVerify(FluidConsumption.java:94)
</failure>
    <system-out><![CDATA[Class : FluidConsumption --------- Method : getFluidConsumptionByIdVerify
Class : FluidConsumption --------- Method : getFluidConsumptionByIdVerify
getFluidConsumptionByIdVerify
Response 
]]></system-out>
  </testcase>
  <testcase name="getAllFluidConsumptionVerify" classname="com.Tests.FluidConsumption" time="0.855"/>
  <testcase name="updateFluidConsumptionVerify" classname="com.Tests.FluidConsumption" time="0.826">
    <failure message="expected [200] but found [400]" type="java.lang.AssertionError">java.lang.AssertionError: expected [200] but found [400]
	at com.Tests.FluidConsumption.updateFluidConsumptionVerify(FluidConsumption.java:119)
</failure>
    <system-out><![CDATA[Class : FluidConsumption --------- Method : updateFluidConsumptionVerify
Class : FluidConsumption --------- Method : updateFluidConsumptionVerify
updateFluidConsumptionVerify
Response 
]]></system-out>
  </testcase>
  <testcase name="updateFluidConsumptionDuplicateDataVerify" classname="com.Tests.FluidConsumption" time="0.863">
    <failure message="expected [409] but found [400]" type="java.lang.AssertionError">java.lang.AssertionError: expected [409] but found [400]
	at com.Tests.FluidConsumption.updateFluidConsumptionDuplicateDataVerify(FluidConsumption.java:129)
</failure>
    <system-out><![CDATA[Class : FluidConsumption --------- Method : updateFluidConsumptionDuplicateDataVerify
Class : FluidConsumption --------- Method : updateFluidConsumptionDuplicateDataVerify
updateFluidConsumptionDuplicateDataVerify
{"formId":"1383","unit":"grGtgTkmgn","fluidType":"yIDBqFOBLK","consumption":"EnvtJEuQZQ","robId":"3","category":"bWSbMEZzuu","robsSFPM_RobsId":"2"}
Response 
]]></system-out>
  </testcase>
  <testcase name="createEventVerify" classname="com.Tests.FluidConsumption" time="0.898">
    <failure message="No signature of method: java.lang.Integer.getAt() is applicable for argument types: (java.lang.Integer) values: [0]&#10;Possible solutions: getAt(java.lang.String), next(), putAt(java.lang.String, java.lang.Object), wait(), grep(), getClass()" type="java.lang.IllegalArgumentException">java.lang.IllegalArgumentException: 
No signature of method: java.lang.Integer.getAt() is applicable for argument types: (java.lang.Integer) values: [0]
Possible solutions: getAt(java.lang.String), next(), putAt(java.lang.String, java.lang.Object), wait(), grep(), getClass()
	at com.Tests.FluidConsumption.createEventVerify(FluidConsumption.java:151)
Caused by: groovy.lang.MissingMethodException: 
No signature of method: java.lang.Integer.getAt() is applicable for argument types: (java.lang.Integer) values: [0]
Possible solutions: getAt(java.lang.String), next(), putAt(java.lang.String, java.lang.Object), wait(), grep(), getClass()
	at com.Tests.FluidConsumption.createEventVerify(FluidConsumption.java:151)
</failure>
    <system-out><![CDATA[Class : FluidConsumption --------- Method : createEventVerify
Class : FluidConsumption --------- Method : createEventVerify
createEventVerify
Response{"sfpM_EventROBsRowId":577,"eventType":"aYGrdcpFnZ","eventROBObsDistance":"41","eventROBRemarks":"xUOUdYPiEs","eventROBStartDateTime":"2020-01-29T10:35:41.136+00:00","eventROBEndDateTime":"2020-01-29T10:35:41.136+00:00","eventROBStartLatitude":"2","eventROBStartLongitude":"77","eventROBEndLatitude":"20","eventROBEndLongitude":"41","formId":1208,"forms":null}
Key: Content-Length Value: 360
Key: Content-Type Value: application/json; charset=utf-8
Key: Request-Context Value: appId=cid-v1:4d81fc3d-e17c-4a8d-97ff-709773e48546
Key: Status Value: Created
Key: Message Value: Data inserted successfully
Key: X-Powered-By Value: ASP.NET
Key: Date Value: Mon, 10 Feb 2020 13:26:11 GMT
]]></system-out>
  </testcase>
  <testcase name="deleteFluidConsumptionVerify" classname="com.Tests.FluidConsumption" time="0.814">
    <failure message="expected [200] but found [400]" type="java.lang.AssertionError">java.lang.AssertionError: expected [200] but found [400]
	at com.Tests.FluidConsumption.deleteFluidConsumptionVerify(FluidConsumption.java:139)
</failure>
    <system-out><![CDATA[Class : FluidConsumption --------- Method : deleteFluidConsumptionVerify
Class : FluidConsumption --------- Method : deleteFluidConsumptionVerify
deleteFluidConsumptionVerify
Response 
]]></system-out>
  </testcase>
  <testcase name="createFluidEventVerify" classname="com.Tests.FluidConsumption" time="1.259"/>
  <testcase name="createFluidEventBlankDataVerify" classname="com.Tests.FluidConsumption" time="0.822"/>
  <testcase name="createFluidEventDuplicateDataVerify" classname="com.Tests.FluidConsumption" time="0.83"/>
  <testcase name="updateEventFluidConsumptionVerify" classname="com.Tests.FluidConsumption" time="0.847">
    <failure message="expected [200] but found [409]" type="java.lang.AssertionError">java.lang.AssertionError: expected [200] but found [409]
	at com.Tests.FluidConsumption.updateEventFluidConsumptionVerify(FluidConsumption.java:193)
</failure>
    <system-out><![CDATA[Class : FluidConsumption --------- Method : updateEventFluidConsumptionVerify
Class : FluidConsumption --------- Method : updateEventFluidConsumptionVerify
updateEventFluidConsumptionVerify
Response 
]]></system-out>
  </testcase>
  <testcase name="getAllEventFluidConsumptionVerify" classname="com.Tests.FluidConsumption" time="0.866"/>
  <testcase name="createEventVerify" classname="com.Tests.Event" time="0.864"/>
  <testcase name="createEventDuplicateDataVerify" classname="com.Tests.Event" time="0.839"/>
  <testcase name="createEventBlankDataVerify" classname="com.Tests.Event" time="0.807"/>
  <testcase name="updateEventVerify" classname="com.Tests.Event" time="0.881"/>
  <testcase name="getEventByIdVerify" classname="com.Tests.Event" time="0.89"/>
  <testcase name="getAllEventsVerify" classname="com.Tests.Event" time="1.161"/>
</testsuite>